<?xml version="1.0" encoding="UTF-8"?>
<!-- Generated by org.testng.reporters.JUnitXMLReporter -->
<testsuite ignored="0" hostname="DESKTOP-FRQ47Q9" failures="0" tests="3" name="Default test" time="56.646" errors="0" timestamp="2023-08-13T13:44:07 BST">
  <testcase classname="TestCases.MyFirstTestFW" name="LoginTest" time="13.573"/>
  <testcase classname="TestCases.MyFirstTestFW" name="LoginTest" time="12.682"/>
  <testcase classname="TestCases.MyFirstTestFW" name="LoginTest" time="13.083"/>
</testsuite> <!-- Default test -->
