<?xml version="1.0" encoding="UTF-8"?>
<!-- Generated by org.testng.reporters.JUnitXMLReporter -->
<testsuite ignored="0" hostname="DESKTOP-FRQ47Q9" failures="0" tests="3" name="Test Suite 1" time="56.368" errors="0" timestamp="2023-08-13T13:49:39 BST">
  <testcase classname="TestCases.MyFirstTestFW" name="LoginTest" time="12.844"/>
  <testcase classname="TestCases.MyFirstTestFW" name="LoginTest" time="13.637"/>
  <testcase classname="TestCases.MyFirstTestFW" name="LoginTest" time="12.692"/>
</testsuite> <!-- Test Suite 1 -->
