<?xml version="1.0" encoding="UTF-8"?>
<testng-results ignored="0" total="3" passed="3" failed="0" skipped="0">
  <reporter-output>
  </reporter-output>
  <suite started-at="2023-08-13T13:48:42 BST" name="Suite" finished-at="2023-08-13T13:49:39 BST" duration-ms="56368">
    <groups>
    </groups>
    <test started-at="2023-08-13T13:48:42 BST" name="Test Suite 1" finished-at="2023-08-13T13:49:39 BST" duration-ms="56368">
      <class name="TestCases.MyFirstTestFW">
        <test-method is-config="true" signature="setUp()[pri:0, instance:TestCases.MyFirstTestFW@74e52303]" started-at="2023-08-13T13:48:44 BST" name="setUp" finished-at="2023-08-13T13:48:50 BST" duration-ms="5745" status="PASS">
          <reporter-output>
          </reporter-output>
        </test-method> <!-- setUp -->
        <test-method signature="LoginTest(java.lang.String,java.lang.String)[pri:0, instance:TestCases.MyFirstTestFW@74e52303]" started-at="2023-08-13T13:48:50 BST" name="LoginTest" data-provider="testdata" finished-at="2023-08-13T13:49:03 BST" duration-ms="12844" status="PASS">
          <params>
            <param index="0">
              <value>
                <![CDATA[aish98ap@gmail.com]]>
              </value>
            </param>
            <param index="1">
              <value>
                <![CDATA[Aishwarya98@]]>
              </value>
            </param>
          </params>
          <reporter-output>
          </reporter-output>
        </test-method> <!-- LoginTest -->
        <test-method is-config="true" signature="tearDown()[pri:0, instance:TestCases.MyFirstTestFW@74e52303]" started-at="2023-08-13T13:49:03 BST" name="tearDown" finished-at="2023-08-13T13:49:03 BST" duration-ms="184" status="PASS">
          <reporter-output>
          </reporter-output>
        </test-method> <!-- tearDown -->
        <test-method is-config="true" signature="setUp()[pri:0, instance:TestCases.MyFirstTestFW@74e52303]" started-at="2023-08-13T13:49:03 BST" name="setUp" finished-at="2023-08-13T13:49:08 BST" duration-ms="5681" status="PASS">
          <reporter-output>
          </reporter-output>
        </test-method> <!-- setUp -->
        <test-method signature="LoginTest(java.lang.String,java.lang.String)[pri:0, instance:TestCases.MyFirstTestFW@74e52303]" started-at="2023-08-13T13:49:08 BST" name="LoginTest" data-provider="testdata" finished-at="2023-08-13T13:49:22 BST" duration-ms="13637" status="PASS">
          <params>
            <param index="0">
              <value>
                <![CDATA[aishwaryapise@yahoo.in]]>
              </value>
            </param>
            <param index="1">
              <value>
                <![CDATA[Pise_98@aish]]>
              </value>
            </param>
          </params>
          <reporter-output>
          </reporter-output>
        </test-method> <!-- LoginTest -->
        <test-method is-config="true" signature="tearDown()[pri:0, instance:TestCases.MyFirstTestFW@74e52303]" started-at="2023-08-13T13:49:22 BST" name="tearDown" finished-at="2023-08-13T13:49:22 BST" duration-ms="187" status="PASS">
          <reporter-output>
          </reporter-output>
        </test-method> <!-- tearDown -->
        <test-method is-config="true" signature="setUp()[pri:0, instance:TestCases.MyFirstTestFW@74e52303]" started-at="2023-08-13T13:49:22 BST" name="setUp" finished-at="2023-08-13T13:49:26 BST" duration-ms="3495" status="PASS">
          <reporter-output>
          </reporter-output>
        </test-method> <!-- setUp -->
        <test-method signature="LoginTest(java.lang.String,java.lang.String)[pri:0, instance:TestCases.MyFirstTestFW@74e52303]" started-at="2023-08-13T13:49:26 BST" name="LoginTest" data-provider="testdata" finished-at="2023-08-13T13:49:39 BST" duration-ms="12692" status="PASS">
          <params>
            <param index="0">
              <value>
                <![CDATA[aishwarya.pise@viit.ac.in]]>
              </value>
            </param>
            <param index="1">
              <value>
                <![CDATA[Aishwarya@98]]>
              </value>
            </param>
          </params>
          <reporter-output>
          </reporter-output>
        </test-method> <!-- LoginTest -->
        <test-method is-config="true" signature="tearDown()[pri:0, instance:TestCases.MyFirstTestFW@74e52303]" started-at="2023-08-13T13:49:39 BST" name="tearDown" finished-at="2023-08-13T13:49:39 BST" duration-ms="158" status="PASS">
          <reporter-output>
          </reporter-output>
        </test-method> <!-- tearDown -->
      </class> <!-- TestCases.MyFirstTestFW -->
    </test> <!-- Test Suite 1 -->
  </suite> <!-- Suite -->
</testng-results>
